0 info it worked if it ends with ok
1 verbose cli [ 'node', '/usr/local/bin/npm', 'run', 'dev' ]
2 info using npm@2.13.5
3 info using node@v0.12.7
4 verbose node symlink /usr/local/bin/node
5 warn invalid config registry="//registry.npmjs.org/:_authToken=c84cc691-36a2-4e2b-9767-f77db991ec7c"
6 warn invalid config Must be a full url with 'http://'
7 verbose run-script [ 'predev', 'dev', 'postdev' ]
8 info predev cycle-demo@1.0.0
9 info dev cycle-demo@1.0.0
10 verbose unsafe-perm in lifecycle true
11 info cycle-demo@1.0.0 Failed to exec dev script
12 verbose stack Error: cycle-demo@1.0.0 dev: `webpack-dev-server --progress --colors --hot --host 0.0.0.0 --port 3000 --content-base dist/`
12 verbose stack Exit status 1
12 verbose stack     at EventEmitter.<anonymous> (/usr/local/lib/node_modules/npm/lib/utils/lifecycle.js:214:16)
12 verbose stack     at EventEmitter.emit (events.js:110:17)
12 verbose stack     at ChildProcess.<anonymous> (/usr/local/lib/node_modules/npm/lib/utils/spawn.js:24:14)
12 verbose stack     at ChildProcess.emit (events.js:110:17)
12 verbose stack     at maybeClose (child_process.js:1015:16)
12 verbose stack     at Process.ChildProcess._handle.onexit (child_process.js:1087:5)
13 verbose pkgid cycle-demo@1.0.0
14 verbose cwd /Users/jimwharton/Sites/server-side-education/cyclejs
15 error Darwin 14.5.0
16 error argv "node" "/usr/local/bin/npm" "run" "dev"
17 error node v0.12.7
18 error npm  v2.13.5
19 error code ELIFECYCLE
20 error cycle-demo@1.0.0 dev: `webpack-dev-server --progress --colors --hot --host 0.0.0.0 --port 3000 --content-base dist/`
20 error Exit status 1
21 error Failed at the cycle-demo@1.0.0 dev script 'webpack-dev-server --progress --colors --hot --host 0.0.0.0 --port 3000 --content-base dist/'.
21 error This is most likely a problem with the cycle-demo package,
21 error not with npm itself.
21 error Tell the author that this fails on your system:
21 error     webpack-dev-server --progress --colors --hot --host 0.0.0.0 --port 3000 --content-base dist/
21 error You can get their info via:
21 error     npm owner ls cycle-demo
21 error There is likely additional logging output above.
22 verbose exit [ 1, true ]
